
==========================================================================================================================================

Serpent continuous-energy Monte Carlo code version 1.1.16

Input file:   pincell_776.inp
Date:         Mon Nov 14 21:09:16 2011
Title:        Untitled

Random seed:  1321322956

Memory allocated for DATA array:      63384816 bytes (60.45 Mb)
Memory allocated for RESULTS array:     643944 bytes (628.85 kb)
Memory allocated for ASCII array:       371698 bytes (362.99 kb)
Total allocated memory:               64400458 bytes (61.42 Mb)

==========================================================================================================================================

XS data (10 isotopes)

==========================================================================================================================================

Columns: 1 - Pointer in DATA array
         2 - Nuclide alias
         3 - Nuclide name in ace file
         4 - Nuclide ZAI
         5 - Atomic weight ratio
         6 - Temperature (K)
         7 - Options
         8 - File path

  1/ 10     4345   2004.06c   2004.06c  20040   4.00  600 8193 /opt/serpent/xs/endfb7/acedata/2004ENDF7.ace
  2/ 10    10153   8016.06c   8016.06c  80160  15.99  600 8209 /opt/serpent/xs/endfb7/acedata/8016ENDF7.ace
  3/ 10    10241   8016.09c   8016.09c  80160  15.99  900 8209 /opt/serpent/xs/endfb7/acedata/8016ENDF7.ace
  4/ 10    68761  40000.06c  40000.06c 400000  91.22  600 8209 /opt/serpent/xs/endfb7/acedata/40000ENDF68.ace
  5/ 10    72985  41093.06c  41093.06c 410930  92.90  600 8209 /opt/serpent/xs/endfb7/acedata/41093ENDF7.ace
  6/ 10   201993  92234.09c  92234.09c 922340 234.04  900 8217 /opt/serpent/xs/endfb7/acedata/92234ENDF7.ace
  7/ 10   202521  92235.09c  92235.09c 922350 235.04  900 8217 /opt/serpent/xs/endfb7/acedata/92235ENDF7.ace
  8/ 10   204105  92238.09c  92238.09c 922380 238.05  900 8217 /opt/serpent/xs/endfb7/acedata/92238ENDF7.ace
  9/ 10   233585   lwe7.12t   lwe7.12t  10010   1.01  600 8197 /opt/serpent/xs/endfb7/acedata/sssth1
 10/ 10   234553   1001.06c   1001.06c  10010   1.01  600 8193 /opt/serpent/xs/endfb7/acedata/1001ENDF7.ace (  lwe7.12t)

==========================================================================================================================================

Material data (4 materials)

==========================================================================================================================================

Material "mat_fuel":

-------------------------------------------------------------------
            a. weight   temp      m. frac      a. frac      a. dens
-------------------------------------------------------------------
 92235.09c  235.04395  900.0  3.96676E-02  1.51856E-02  1.05697E-03
 92234.09c  234.04093  900.0  3.17341E-04  1.22005E-04  8.49203E-06
 92238.09c  238.05078  900.0  8.41517E-01  3.18081E-01  2.21396E-02
  8016.09c   15.99492  900.0  1.18498E-01  6.66612E-01  4.63988E-02
       sum                    1.00000E+00  1.00000E+00  6.96039E-02
------------------------------------------------------
densities:                    1.04000E+01  6.96039E-02
------------------------------------------------------

Material "mat_gap":

-------------------------------------------------------------------
            a. weight   temp      m. frac      a. frac      a. dens
-------------------------------------------------------------------
  2004.06c    4.00260  600.0  1.00000E+00  1.00000E+00  1.00000E-03
       sum                    1.00000E+00  1.00000E+00  1.00000E-03
------------------------------------------------------
densities:                    6.64659E-03  1.00000E-03
------------------------------------------------------

Material "mat_clad":

-------------------------------------------------------------------
            a. weight   temp      m. frac      a. frac      a. dens
-------------------------------------------------------------------
 40000.06c   91.21962  600.0  9.90000E-01  9.90179E-01  4.28087E-02
 41093.06c   92.90319  600.0  1.00000E-02  9.82056E-03  4.24575E-04
       sum                    1.00000E+00  1.00000E+00  4.32333E-02
------------------------------------------------------
densities:                    6.55000E+00  4.32333E-02
------------------------------------------------------

Material "mat_cool":

-------------------------------------------------------------------
            a. weight   temp      m. frac      a. frac      a. dens
-------------------------------------------------------------------
  1001.06c    1.00782  600.0  1.11915E-01  6.66667E-01  5.18929E-02  (b)
  8016.06c   15.99492  600.0  8.88085E-01  3.33333E-01  2.59465E-02
       sum                    1.00000E+00  1.00000E+00  7.78394E-02

Associated S(a,b) libraries:

  lwe7.12t    1.00782    N/A  6.66667E-01  1.11915E-01
------------------------------------------------------
densities:                    7.76000E-01  7.78394E-02
------------------------------------------------------

==========================================================================================================================================

Reaction mode fractions by nuclide

==========================================================================================================================================

Fission (total 5698251 reactions):

 92234.09c  922340    571 0.00010
 92235.09c  922350 5390548 0.94600
 92238.09c  922380 307132 0.05390

==========================================================================================================================================

Cell data (5 cells)

==========================================================================================================================================

----- Cell "fuel": --------------------

Universe : 0
Level    : 0
Material : "mat_fuel"

Inside surface 2 (type  1 / cyl):

Parameters      :  0.00000E+00  0.00000E+00  4.09600E-01 
Neighbour cells :  fuel gap 

----- Cell "gap": --------------------

Universe : 0
Level    : 0
Material : "mat_gap"

Inside surface 3 (type  1 / cyl):

Parameters      :  0.00000E+00  0.00000E+00  4.17800E-01 
Neighbour cells :  gap clad 

Outside surface 2 (type  1 / cyl):

Parameters      :  0.00000E+00  0.00000E+00  4.09600E-01 
Neighbour cells :  gap fuel 

----- Cell "clad": --------------------

Universe : 0
Level    : 0
Material : "mat_clad"

Inside surface 4 (type  1 / cyl):

Parameters      :  0.00000E+00  0.00000E+00  4.75000E-01 
Neighbour cells :  clad cool 

Outside surface 3 (type  1 / cyl):

Parameters      :  0.00000E+00  0.00000E+00  4.17800E-01 
Neighbour cells :  clad gap 

----- Cell "cool": --------------------

Universe : 0
Level    : 0
Material : "mat_cool"

Inside surface 1 (type  6 / sqc):

Parameters      :  0.00000E+00  0.00000E+00  6.30000E-01 
Neighbour cells :  cool out 

Outside surface 4 (type  1 / cyl):

Parameters      :  0.00000E+00  0.00000E+00  4.75000E-01 
Neighbour cells :  cool clad 

----- Cell "out": --------------------

Universe : 0
Level    : 0
Material : ---

Outside surface 1 (type  6 / sqc):

Parameters      :  0.00000E+00  0.00000E+00  6.30000E-01 
Neighbour cells :  out cool 

==========================================================================================================================================

Summary of geometry data

==========================================================================================================================================

List of surfaces (4):

------------------------------------------------------------------------------
 Surface |  Type | Parameters
------------------------------------------------------------------------------
       1 |   sqc |  0.0000E+00  0.0000E+00  6.3000E-01 
       2 |   cyl |  0.0000E+00  0.0000E+00  4.0960E-01 
       3 |   cyl |  0.0000E+00  0.0000E+00  4.1780E-01 
       4 |   cyl |  0.0000E+00  0.0000E+00  4.7500E-01 
------------------------------------------------------------------------------

Geometry has 4 surfaces in 5 cells at 1 universes at 1 levels:

------------------------------------------------------------------------------
Level | Universe |     Cell | Surfaces
------------------------------------------------------------------------------
    0 |        0 |     cool | -1  4 
    0 |        0 |     fuel | -2 
    0 |        0 |      out |  1 
    0 |        0 |     clad | -4  3 
    0 |        0 |      gap | -3  2 
------------------------------------------------------------------------------

List of cell neighbours:

------------------------------------------------------------------------------
Cell    | Neighbour cells 
------------------------------------------------------------------------------
fuel    | fuel gap 
gap     | gap clad gap fuel 
clad    | clad cool clad gap 
cool    | cool out cool clad 
out     | out cool 
------------------------------------------------------------------------------

==========================================================================================================================================
